<?xml version="1.0" encoding="UTF-8"?>
<!-- Generated by org.testng.reporters.JUnitXMLReporter -->
<testsuite ignored="0" hostname="DESKTOP-A64ID4L" failures="3" tests="14" name="Surefire test" time="106.84" errors="0" timestamp="2025-07-16T02:15:26 MSK">
  <testcase classname="testcases.TestHomePage" name="TestHomePageTitle" time="0.251">
    <failure type="java.lang.AssertionError" message="expected [Automation Exercise!] but found [Automation Exercise]">
      <![CDATA[java.lang.AssertionError: expected [Automation Exercise!] but found [Automation Exercise]
at testcases.TestHomePage.TestHomePageTitle(TestHomePage.java:21)
at java.base/java.util.ArrayList.forEach(ArrayList.java:1604)
... Removed 36 stack frames]]>
    </failure>
  </testcase> <!-- TestHomePageTitle -->
  <testcase classname="testcases.TestHomePage" name="TestLoginSignupButton" time="0.672"/>
  <testcase classname="testcases.TestLoginPage" name="testLoginEmailAndWithoutPassword" time="0.375"/>
  <testcase classname="testcases.TestLoginPage" name="testLoginWithInvalidCredentials" time="0.523">
    <failure type="org.openqa.selenium.StaleElementReferenceException" message="stale element reference: stale element not found
  (Session info: chrome=138.0.7204.101)
For documentation on this error, please visit: https://www.selenium.dev/documentation/webdriver/troubleshooting/errors#stale-element-reference-exception
Build info: version: &amp;apos;4.29.0&amp;apos;, revision: &amp;apos;5fc1ec94cb&amp;apos;
System info: os.name: &amp;apos;Windows 10&amp;apos;, os.arch: &amp;apos;amd64&amp;apos;, os.version: &amp;apos;10.0&amp;apos;, java.version: &amp;apos;24.0.1&amp;apos;
Driver info: org.openqa.selenium.chrome.ChromeDriver
Command: [dbc6bf8d6cb12b58d7e547f7104db89d, getElementAttribute {name=validationMessage, id=f.4245CCB5B9846AB3C260D1CDA87D9636.d.F30ABE2138DE243CACAB5F5E9E1B9FC6.e.6}]
Capabilities {acceptInsecureCerts: false, browserName: chrome, browserVersion: 138.0.7204.101, chrome: {chromedriverVersion: 138.0.7204.157 (e533e98b126..., userDataDir: C:\Users\hp\AppData\Local\T...}, fedcm:accounts: true, goog:chromeOptions: {debuggerAddress: localhost:54263}, networkConnectionEnabled: false, pageLoadStrategy: normal, platformName: windows, proxy: Proxy(), se:cdp: ws://localhost:54263/devtoo..., se:cdpVersion: 138.0.7204.101, setWindowRect: true, strictFileInteractability: false, timeouts: {implicit: 0, pageLoad: 300000, script: 30000}, unhandledPromptBehavior: dismiss and notify, webauthn:extension:credBlob: true, webauthn:extension:largeBlob: true, webauthn:extension:minPinLength: true, webauthn:extension:prf: true, webauthn:virtualAuthenticators: true}
Element: [[ChromeDriver: chrome on windows (dbc6bf8d6cb12b58d7e547f7104db89d)] -&amp;gt; xpath: //input[@name=&amp;apos;email&amp;apos;]]
Session ID: dbc6bf8d6cb12b58d7e547f7104db89d">
      <![CDATA[org.openqa.selenium.StaleElementReferenceException: stale element reference: stale element not found
  (Session info: chrome=138.0.7204.101)
For documentation on this error, please visit: https://www.selenium.dev/documentation/webdriver/troubleshooting/errors#stale-element-reference-exception
Build info: version: '4.29.0', revision: '5fc1ec94cb'
System info: os.name: 'Windows 10', os.arch: 'amd64', os.version: '10.0', java.version: '24.0.1'
Driver info: org.openqa.selenium.chrome.ChromeDriver
Command: [dbc6bf8d6cb12b58d7e547f7104db89d, getElementAttribute {name=validationMessage, id=f.4245CCB5B9846AB3C260D1CDA87D9636.d.F30ABE2138DE243CACAB5F5E9E1B9FC6.e.6}]
Capabilities {acceptInsecureCerts: false, browserName: chrome, browserVersion: 138.0.7204.101, chrome: {chromedriverVersion: 138.0.7204.157 (e533e98b126..., userDataDir: C:\Users\hp\AppData\Local\T...}, fedcm:accounts: true, goog:chromeOptions: {debuggerAddress: localhost:54263}, networkConnectionEnabled: false, pageLoadStrategy: normal, platformName: windows, proxy: Proxy(), se:cdp: ws://localhost:54263/devtoo..., se:cdpVersion: 138.0.7204.101, setWindowRect: true, strictFileInteractability: false, timeouts: {implicit: 0, pageLoad: 300000, script: 30000}, unhandledPromptBehavior: dismiss and notify, webauthn:extension:credBlob: true, webauthn:extension:largeBlob: true, webauthn:extension:minPinLength: true, webauthn:extension:prf: true, webauthn:virtualAuthenticators: true}
Element: [[ChromeDriver: chrome on windows (dbc6bf8d6cb12b58d7e547f7104db89d)] -> xpath: //input[@name='email']]
Session ID: dbc6bf8d6cb12b58d7e547f7104db89d
at org.openqa.selenium.remote.ErrorCodec.decode(ErrorCodec.java:167)
at org.openqa.selenium.remote.codec.w3c.W3CHttpResponseCodec.decode(W3CHttpResponseCodec.java:138)
at org.openqa.selenium.remote.codec.w3c.W3CHttpResponseCodec.decode(W3CHttpResponseCodec.java:50)
at org.openqa.selenium.remote.HttpCommandExecutor.execute(HttpCommandExecutor.java:215)
at org.openqa.selenium.remote.service.DriverCommandExecutor.invokeExecute(DriverCommandExecutor.java:216)
at org.openqa.selenium.remote.service.DriverCommandExecutor.execute(DriverCommandExecutor.java:174)
at org.openqa.selenium.remote.RemoteWebDriver.execute(RemoteWebDriver.java:545)
at org.openqa.selenium.remote.RemoteWebElement.execute(RemoteWebElement.java:223)
at org.openqa.selenium.remote.RemoteWebElement.getAttribute(RemoteWebElement.java:149)
at testcases.TestLoginPage.testLoginWithInvalidCredentials(TestLoginPage.java:88)
at java.base/java.util.ArrayList.forEach(ArrayList.java:1604)
... Removed 33 stack frames]]>
    </failure>
  </testcase> <!-- testLoginWithInvalidCredentials -->
  <testcase classname="testcases.TestLoginPage" name="testLoginWithInvalidCredentials" time="0.592"/>
  <testcase classname="testcases.TestLoginPage" name="testLoginWithInvalidCredentials" time="0.603"/>
  <testcase classname="testcases.TestLoginPage" name="testLoginWithInvalidCredentials" time="10.315"/>
  <testcase classname="testcases.TestLoginPage" name="testLoginWithInvalidCredentials" time="0.158">
    <failure type="java.lang.AssertionError" message="expected [Please fill out this field.] but found []">
      <![CDATA[java.lang.AssertionError: expected [Please fill out this field.] but found []
at testcases.TestLoginPage.testLoginWithInvalidCredentials(TestLoginPage.java:88)
at java.base/java.util.ArrayList.forEach(ArrayList.java:1604)
... Removed 36 stack frames]]>
    </failure>
  </testcase> <!-- testLoginWithInvalidCredentials -->
  <testcase classname="testcases.TestLoginPage" name="testLoginWithInvalidEmailAndPassword" time="0.638"/>
  <testcase classname="testcases.TestLoginPage" name="testLoginWithInvalidEmailAndValidPassword" time="0.539"/>
  <testcase classname="testcases.TestLoginPage" name="testLoginWithInvalidPassword" time="0.714"/>
  <testcase classname="testcases.TestLoginPage" name="testLoginWithValidCredentials" time="11.986"/>
  <testcase classname="testcases.TestLoginPage" name="testLoginWithoutEmailAndPassword" time="0.31"/>
  <testcase classname="testcases.WebTest" name="testPageTitle" time="0.594"/>
</testsuite> <!-- Surefire test -->
